00072ac389a0e27ee67e5b85f14af301  assets/images/Originals/UrbanDesignAndPlanning/Skovhave/PublicSketch.png
00977d99473314ec152c2a064031de16  assets/images/Banners/Blue/ResortsBanner2.png
00eeb89cdd1fe39dc9c2768ea1a2dd85  assets/images/Originals/UrbanDesignAndPlanning/UrbanMeadows/VandvaerketComposition.png
0197fe000f3ab1e45f19e0621cca9f72  assets/images/Originals/Illustration/LobbyVignette.png
01a8bff9571b9e9b85c24143fdc72b0a  assets/images/Originals/Research/OutdoorPlayResearch/Child1.png
01ed576275ab49f3d017824b68246863  assets/images/Thumbnails/Illustration/GraceBay.png
0267e6d391dec55c2a5783157eaa1c18  assets/images/Thumbnails/Illustration/Waterpark.png
02f2e652c802dd01ffa8297af39199ff  assets/images/Originals/Research/WindEnergyPlanning/DeliberativeProcess.png
03e43f4ca695a9bfaa207fd3818c109e  assets/images/Originals/UrbanDesignAndPlanning/UrbanMeadows/NorremarkenComposition.png
04395ed318a8ef1938158f2d3640eb4c  assets/images/Thumbnails/Illustration/MaceyBay.png
0450da4e592de0174ee4b466bb96ab81  assets/images/Thumbnails/Illustration/InteriorStudy.png
04d3218acf61bc9cbf37ed024633596d  assets/images/Thumbnails/UrbanDesignAndPlanning/CambridgeRevitalization/UrbanDevelopment.png
04f3258e36990c3261b09ef40b89a35d  assets/images/Thumbnails/Illustration/Elevator.png
04fd5cf256b5349b4bb3dab7e9c3b37f  assets/images/Originals/Illustration/LifecentreClinic.png
05cb5d5ac61afab11224a0b0b15d85e6  assets/images/Thumbnails/Illustration/BigwinCottage.png
064881e54872f8d136d878ff38ac0968  assets/images/Thumbnails/Illustration/GraceBay2.png
07814c38a66bb8fadc0f47a07f4fe1d8  assets/images/Teasers/Research/DowntownRevitalizationTeaser.png
07814c38a66bb8fadc0f47a07f4fe1d8  assets/images/Thumbnails/UrbanDesignAndPlanning/CambridgeRevitalization/DowntownRevitalizationTeaser.png
08f61985fb612dfbe73332ab052d795b  assets/images/Originals/Illustration/Indigo.png
0a7ef2ade26a9a476785119157784f13  assets/images/Banners/Blue/SketchBanner.png
0ae3f1987a26e6317cc574a930ddc92c  assets/images/Thumbnails/Illustration/KaitlinBayport.png
0b85f686eb618cc85cc8f93582df6a3e  assets/images/Originals/Research/LEGOProject/Gallery/CivicBuilding.png
0c0e0a52308c3777b72e76d6efb2d9b9  assets/images/Originals/Research/WindEnergyPlanning/SynthesisMap.png
0c500d73ab5918b3ac47c30be44709fd  assets/images/Originals/Illustration/Romanza.png
0caf1687fb4dd621bf37b902ad9d980b  assets/images/Thumbnails/UrbanDesignAndPlanning/AdaptiveReUseConcepts/LCBOAfter.png
0cb0d6470abd86ff47da6219f60a1f76  assets/images/Originals/Illustration/UrbanFarm.png
0cbea4e56e022fb36f23435d478804d8  assets/images/Originals/Research/LEGOProject/Gallery/Lighthouse.png
0d3594961dbd9226926c3f1f1270a6f7  assets/images/Originals/UrbanDesignAndPlanning/SLUCampus/Meadow.png
0d5c5da4f0637d21d30838c0cb2ec206  assets/images/Thumbnails/UrbanDesignAndPlanning/CambridgeRevitalization/InterventionsPreston.png
0dead5291ea8b844578cafc302426a19  assets/images/Banners/Blue/PlayResearchBanner.png
0e42348c59a663d862a42542cf457f82  assets/images/Thumbnails/Illustration/Clubhouse1.png
0e42348c59a663d862a42542cf457f82  assets/images/Thumbnails/Illustration/Clubhouse.png
0e44b7352785636b8c18d0d119fb6af7  assets/images/Thumbnails/UrbanDesignAndPlanning/UrbanMeadows/VandvaerketComposition.png
0ecbab397134a4bf36c7c5914d87c949  assets/images/Thumbnails/Research/LEGOProject/Detail1.png
0f82461e761ae960798de2f52c818869  assets/images/Originals/Research/CommunicationAndOutreach/SustainableCityColumn.png
102227f3f8232c17f0502ce2fd808175  assets/images/Thumbnails/UrbanDesignAndPlanning/AdaptiveReUseConcepts/PrestonAfter.png
107c31fe39b93da06479ccd7905eaf7e  assets/images/Thumbnails/Research/LEGOProject/Gallery/SaltwaterMarsh.png
10b7b5e2ad69e1cfd6f717d77c86651a  assets/images/Originals/UrbanDesignAndPlanning/Skovhave/CreekVignette.png
10bb028338778b4ed858659b6709ce3c  assets/images/Thumbnails/UrbanDesignAndPlanning/Beausoleil/Diagrams.png
111296f16b7928098328cfdf20697345  assets/images/Originals/Illustration/Canoe.png
129d62ecec4b0743d06e4437c921d643  assets/images/Originals/Research/LandscapeResearch/Materials.png
12a7a53aebb35adf6ac8d6438d8692a4  assets/images/Thumbnails/Illustration/BethTzedecLibrary.png
12a98d40b9c1fb16039464f12267c24e  assets/images/Banners/Blue/AerialsBanner.png
1306b42c3c855051539c98cd29460955  assets/images/Originals/UrbanDesignAndPlanning/AdaptiveReUseConcepts/CollinsBarrowBefore.png
131c2381b4c62a9e2c41f9af21ecda14  assets/images/Thumbnails/Illustration/SydenhamSketch.png
134a2be4da3cfb55fedfe9db8a204908  assets/images/Originals/Research/LEGOProject/Gallery/NatureCamp.png
13f5a3bf1233aa7ef6ab4d840b3f979e  assets/images/Originals/UrbanDesignAndPlanning/AffordableHousing/PrimmerAfter.png
13fc63843b0cebc9b6960b599c0f891a  assets/images/Thumbnails/UrbanDesignAndPlanning/AdaptiveReUseConcepts/PrestonBefore.png
140858cf2d04a780c487f0e3f6a291bc  assets/images/Thumbnails/UrbanDesignAndPlanning/Skovhave/CreekVignette.png
1431d6c3761da3c53526cb0c41d98eea  assets/images/Thumbnails/Illustration/SaudiInterior.png
152bab2ff006a32719af4cf464c59118  assets/images/Originals/Illustration/Souk.png
153e1d79a3b7540c7aeddf2eaac5abef  assets/images/Thumbnails/UrbanDesignAndPlanning/AdaptiveReUseConcepts/RiverworksBefore.png
153e1d79a3b7540c7aeddf2eaac5abef  assets/images/Thumbnails/UrbanDesignAndPlanning/AffordableHousing/RiverworksBefore.png
158e3790a58eaa231d01fef30dddb1cd  assets/images/Originals/Illustration/WinterScene.png
170e5526372f14c4bc56b8721cca804c  assets/images/Thumbnails/Illustration/GovernmentHouse.png
177750b1ba120d12958354afa046c562  assets/images/Teasers/LEGOProject2.png
177750b1ba120d12958354afa046c562  assets/images/Teasers/Research/LEGOTeaser2.png
186fd8efd02363cdb36dea006e6f2f9e  assets/images/Originals/UrbanDesignAndPlanning/GreenInnovationPark/Greenhouse.png
186fd8efd02363cdb36dea006e6f2f9e  assets/images/Originals/UrbanDesignAndPlanning/SLUCampus/Greenhouse.png
18914a2986a48da67a2f74b61f794461  assets/images/Thumbnails/UrbanDesignAndPlanning/Northridge/Park.png
18a2dd4af920c731198db4c0d2657c8b  assets/images/MasterPlan2040.320.png
18e32e8dea3d30e49ea1e626eee800a0  assets/images/Originals/Illustration/Qatar.png
19989957b09d987baa69c3393c044a3f  assets/images/Thumbnails/Illustration/LifecentreClinic.png
199f1c2124c30238dd1dffc1eddc5768  assets/images/Teasers/UrbanDesignAndPlanning/UrbanMeadows3Teaser.png
199f1c2124c30238dd1dffc1eddc5768  assets/images/Teasers/UrbanMeadows3Teaser.png
199f1c2124c30238dd1dffc1eddc5768  assets/images/Teasers/UrbanMeadows.png
19b7c9d6851cac0683516916da6717cb  assets/images/Teasers/LandscapePreferenceResearch.png
19dc6fdaeea5757b4c8ae036fcaa607b  assets/images/Originals/UrbanDesignAndPlanning/Beausoleil/SpringwaterCreek.png
1a7234482093dcc865243baaef295317  assets/images/Banners/Blue/FacilitationBanner.png
1abc70fdb338ae38b00397629583ae72  assets/images/Originals/UrbanDesignAndPlanning/SLUCampus/MasterPlan.png
1b72f3b6485959abe38b704756e64b25  assets/images/Originals/Research/LEGOProject/LearningThroughPlay.png
1b863fa08e5caa994dd172c40ec071d2  assets/images/Banners/Blue/SitePLanBanner2.png
1bba8857ac6e98e21da408581630b277  assets/images/Thumbnails/Illustration/MarbleCanyon.png
1d0a42148ea4e9b2cc93d71fe5b0a643  assets/images/Thumbnails/Research/LandscapeResearch/TheNaturalist.png
1da7e1a450694cb511fd913e9843ad6b  assets/images/Originals/Illustration/Townhouse.png
1fbec09a67aa204035184104358ab0eb  assets/images/Originals/Research/CommunicationAndOutreach/GreenTeamToTheRescue.png
204187db15192231c79dd125559fc8ef  assets/images/Originals/Research/LEGOProject/BookCover.png
22e04e4bf40bb7fc80251c5a74a2cea4  assets/images/Originals/Research/FacilitatedWorkshops/Skovhave.png
22e5d7eff739ab8e816028700f72eb91  assets/images/Originals/UrbanDesignAndPlanning/GreenInnovationPark/StreetLevelView.png
232610cdbe9254b89048b545f9db7c9a  assets/images/Thumbnails/Illustration/Clubhouse2.png
242e017198fe84a2923e3801da6e1d9d  assets/images/Thumbnails/Illustration/Greensboro.png
2559657d358c6d3d23e74c50b5251b5e  assets/images/CommunityEngagement320.png
25f68fafd7571fb629ac26094c89cc93  assets/images/Thumbnails/Illustration/CanadaLife.png
26d0f27addb622d3b8b17acb5da3e3e7  assets/images/Thumbnails/Research/FacilitatedWorkshops/ParticipatoryDesign.png
27be4ad8894e6f568b98cf66621d8633  assets/images/Thumbnails/Illustration/ArthurEricson.png
280c701f795fec9a8382ff3b8ea6e2a7  assets/images/Originals/Research/OutdoorPlayResearch/Factor.png
28cc6c9f68694df89e73716c552f6072  assets/images/Thumbnails/UrbanDesignAndPlanning/GreenInnovationPark/StreetLevelView.png
2be056ae1458fb84e0cbdbd9c1b99970  assets/images/Originals/Illustration/Restaurant.png
2c2e67bdd32af92804bc2157ea740956  assets/images/Teasers/AdaptiveReUseTeaser.png
2c2e67bdd32af92804bc2157ea740956  assets/images/Teasers/RiversideTeaser.png
2c2e67bdd32af92804bc2157ea740956  assets/images/Teasers/UrbanDesignAndPlanning/AdaptiveReUseTeaser.png
2c2e67bdd32af92804bc2157ea740956  assets/images/Teasers/UrbanDesignAndPlanning/RiversideTeaser.png
2c44717d39d13f12c91160b78e15f2ab  assets/images/Thumbnails/Illustration/AudleyHamlet.png
2c4c3081b111c2d7590aca2befad376c  assets/images/Originals/Illustration/CondoInterior.png
2c910a112bb8bd8c549e2fd9e01594c4  assets/images/Thumbnails/UrbanDesignAndPlanning/GreenInnovationPark/HousingInfill.png
2d3a9d4b41c062e8b7757e5ab96f1e6d  assets/images/Originals/Illustration/TridelCondos.png
2db289463c6d07a94eb830ab5ced4bcd  assets/images/Thumbnails/Research/LEGOProject/Gallery/GeologicFeatures.png
2e1f31430e0097a7a5d74d0b4dd56e6e  assets/images/Originals/Illustration/PoolArea.png
2e2c7c054f8c40c33ea4fb7c8ad74135  assets/images/Thumbnails/Illustration/StreetscapeSketch.png
2f29bebd937f6dc5c747261ae1eb49d0  assets/images/Teasers/BeausoleilTeaser.png
2f29bebd937f6dc5c747261ae1eb49d0  assets/images/Teasers/UrbanDesignAndPlanning/BeausoleilTeaser.png
309015186d13cb3bf52e09c6822519b0  assets/images/Thumbnails/Illustration/NovaScotia.png
30eaf50b4d678f09b0ac48cd5400193b  assets/images/Originals/UrbanDesignAndPlanning/SLUCampus/WellnessCenter.png
30ede43a93d239b2f4934cc7669c6ae3  assets/images/Thumbnails/UrbanDesignAndPlanning/SLUCampus/MasterPlan.png
314ec583c0bfe27b1e54ca2ee6705cb6  assets/images/Thumbnails/Illustration/TurksCaicos.png
3219c52b643614b9490dd27e7e0e961c  assets/images/Originals/UrbanDesignAndPlanning/GreyGraniteClub/InteriorConcepts.png
329987719dae63ef7399d5d79c2ff33b  assets/images/Thumbnails/Illustration/Restaurant.png
32d6013c195fd77ee4bb40aca59f037e  assets/images/Originals/Illustration/BriarHill.png
32e22bbc08b0d25e051bb8514aa36654  assets/images/Thumbnails/Research/OutdoorPlayResearch/Child2.png
341e39ce9c17f27d44712e16f0f447b0  assets/images/Teasers/Research/QMethodTeaser2.png
3450a835b449699a5f002f4b91d96052  assets/images/Thumbnails/Illustration/KnowledgeGarden.png
3460f6b4b1d4ac2d49baeb4631158246  assets/documents/pdfs/Project Summary Report.pdf
3482d301f79c4bfe230de9ac75f2ea6f  assets/images/Originals/UrbanDesignAndPlanning/AdaptiveReUseConcepts/CollinsBarrowAfter.png
3489b7efa46af68e398e2acbcc8f6fd8  assets/images/Originals/UrbanDesignAndPlanning/AffordableHousing/HomeownerPlans.png
34fb2735dd423a9120dd84b5a15db05a  assets/images/Originals/Research/LEGOProject/Gallery/Hospital.png
3519d550f112b557c4e98802bcbfdcc3  assets/images/Originals/Illustration/Detail2.png
352d04c9a2c38475cb6d78e9630d75be  assets/images/Thumbnails/Illustration/KPMBSitePlan.png
357a24a36bbf15d1744d1b673c51c64d  assets/images/Thumbnails/Research/WindEnergyPlanning/SynthesisMap.png
363c9d7802d621939d49e858c9f1b11f  assets/images/Thumbnails/UrbanDesignAndPlanning/SLUCampus/BufferStrip.png
37080b34244beac2e1ece62eb88581fa  assets/images/Thumbnails/Illustration/EveningStroll.png
37d9bae2ba8a520601ee80aabfac3610  assets/images/Thumbnails/UrbanDesignAndPlanning/CambridgeRevitalization/InterventionsGalt.png
38bc1570e14c084a1b49a9b586299a85  assets/images/Originals/Research/LEGOProject/Gallery/Dunes.png
3a5dc1dfaa2d5171775dfcc1beef6d07  assets/images/Thumbnails/Illustration/Lobby.png
3a756ee6b15146db25b4504370467f6b  assets/images/Originals/UrbanDesignAndPlanning/Northridge/RecreationPlan.png
3a79d771e619c6597dfa0e2afc4adf7b  assets/images/Originals/Illustration/HotelRoom.png
3aa0f114daeea22b8519ec9242d085ff  assets/images/Thumbnails/Illustration/WinterStroll.png
3b988df100bd6fcdc9f484250e7180e1  assets/images/Thumbnails/Illustration/HotelRoom.png
3c5bfecba5445c52b905bcb58980e8aa  assets/images/Originals/Illustration/LoraBaySleighRide.png
3cbf57cacd2623672a58e4d5418064f3  assets/images/Thumbnails/Illustration/EriksonWaterview.png
3ce08b2cc7c81e2e1b62f3d3af19e51c  assets/images/Thumbnails/Illustration/GravelPit.png
3cec938f75620ab7518956ccb7ef12d3  assets/images/Banners/Blue/SitePlanBanner.png
3cec962c047797d1726523cb6c10a23e  assets/images/Originals/Illustration/StRegis.png
3d05ee5bc6222bc2f97a3392f6d1f43d  assets/images/Originals/UrbanDesignAndPlanning/AdaptiveReUseConcepts/RiverworksAfter.png
3d05ee5bc6222bc2f97a3392f6d1f43d  assets/images/Originals/UrbanDesignAndPlanning/AffordableHousing/RiverworksAfter.png
3e0ba1395264a266acaac784f6caff6c  assets/images/Teasers/GreenInnovationParkTeaser.png
3e0ba1395264a266acaac784f6caff6c  assets/images/Teasers/UrbanDesignAndPlanning/GreenInnovationParkTeaser.png
3eb7316c465ab4e9c961042f0b1cff8c  assets/images/Thumbnails/Illustration/Riverside.png
412f4d48bafdb5afb015c04e39e64260  assets/images/Thumbnails/Illustration/Streetscape.png
4291158de0d94d56b4a892d2712f4945  assets/images/Originals/Illustration/Villas.png
42c0f550aba289e3143573cd3670ef5e  assets/images/Teasers/ResidentialTeaser.png
4338c78c8d607c64b092decc7292e725  assets/images/Thumbnails/Illustration/Cornell.png
43e231f131558459ac82edb0c2ae802c  assets/images/Originals/Illustration/WinterStroll.png
43e7cb5c25a14d9e5a6e0f8fe5765b86  assets/images/Originals/UrbanDesignAndPlanning/GreenInnovationPark/CropResearch.png
443e4b8f9d3d1f96168b66184c031606  assets/images/Thumbnails/UrbanDesignAndPlanning/Northridge/SitePlan.png
44a85bd660161d03a93dea8ad39fc697  assets/images/Thumbnails/Illustration/YemenProject.png
44ea54931d363039491ac2055252dc85  assets/documents/pdfs/Case Study - 4 Unit Infill.pdf
4528cc4eceec8c4eacc434780871a0dc  assets/images/Thumbnails/Illustration/Beach.png
45a94c7bd54695f7d90d7691751fe00e  assets/images/Originals/UrbanDesignAndPlanning/AffordableHousing/AffordableHousing.png
45e099cabf5bf9d3203208443e6d6d23  assets/images/Originals/UrbanDesignAndPlanning/StudentHousingConcept/StudentHousing.png
45e099cabf5bf9d3203208443e6d6d23  assets/images/Thumbnails/UrbanDesignAndPlanning/StudentHousingConcept/StudentHousing.png
4769dd1fa2a7a8f0a77d7f8dcf7f6aca  assets/images/Teasers/VignettesTeaser.png
47a13faad0df5e6419f76d78bb022cf0  assets/images/Thumbnails/Research/CommunicationAndOutreach/GreenTeamToTheRescue.png
47aa5435923c428c7a2001e112084ef7  assets/images/Originals/Illustration/CornellSketch.png
47d8d676aab9a0dcafd4f9003701726b  assets/images/Thumbnails/UrbanDesignAndPlanning/Skovhave/Rectangular.png
486cb29296e7b0b036447d6faa988ba0  assets/documents/pdfs/Using Visual Q to explore children's outdoor play preferences.pdf
48ea6e3877cdcfa1b4dfb41e04997c03  assets/images/Teasers/LEGOProject1.png
48ea6e3877cdcfa1b4dfb41e04997c03  assets/images/Teasers/Research/LEGOTeaser1.png
4915ebd6380d07fcabbe49459477068e  assets/images/Originals/UrbanDesignAndPlanning/Skovhave/VideoLink.png
4a09ab9a3e9f0f5631d47dd91a7755cc  assets/images/Thumbnails/UrbanDesignAndPlanning/AffordableHousing/Plans.png
4acbc53682dd6ed182724ab1f110bbb4  assets/images/Originals/UrbanDesignAndPlanning/Northridge/Banner.png
4c1e4d5ddb972330203b377d66873e44  assets/images/Originals/Illustration/Magnolia.png
4c371b5435b0951f979c300b4df57d66  assets/images/Originals/UrbanDesignAndPlanning/Northridge/SitePlan.png
4ccbb73644e1db8abee6a48847742af2  assets/images/Thumbnails/Research/LEGOProject/ChildrensWorkshop.png
4d48cef2f15fb143b0eb346d01759af9  assets/images/Thumbnails/Research/LandscapeResearch/TheCultivator.png
4d61e3ff36a461fc95bd55a21eb90620  assets/images/Originals/Illustration/Corridor.png
4e3c0962ca9ee8803d89f841898b7cca  assets/documents/pdfs/DesignWithNatureWorkshops.pdf
4e419e84f8f51176a2ee149b6a9bec8d  assets/images/Thumbnails/UrbanDesignAndPlanning/TheStation/CPStationAfter.png
4e428181fe3ed1af9bd10a140d01b151  assets/images/Originals/Research/FacilitatedWorkshops/LEGOWorkshops.png
4ec95f2786a6cd5cad4854e90326bba5  assets/images/Thumbnails/Illustration/BriarHill.png
4f38c2037a85e2d075eaa047fa127393  assets/images/Originals/Research/LandscapeResearch/TheGardener.png
4f700c7a2bc0ff26d457737909e3b1b7  assets/images/Teasers/CPStationTeaser.png
4f700c7a2bc0ff26d457737909e3b1b7  assets/images/Teasers/UrbanDesignAndPlanning/CPStationTeaser.png
4f98127a1695f04f48f4b347db2de693  assets/images/files.md5
4fe0fbc4122495db351e4d22b475979b  assets/images/Originals/Illustration/RiverEdgeRestoration.png
506539ff6d37a229c01e6c691f4814ec  assets/images/Originals/UrbanDesignAndPlanning/CambridgeRevitalization/InterventionsPreston.png
50a0d00d53e34999b03f9247f9b166ed  assets/images/Thumbnails/Illustration/Riverwalk.png
50af6442400b33272a4aad6a923bc2bb  assets/images/Thumbnails/Research/QMethodOverview/OpinionDomain.png
50b2aba2f60361c3848cd9cb7ef01d0b  assets/images/Teasers/Research/LandscapePreferenceTeaser.png
50d93baa85427c943b68099e2ac20f06  assets/images/Originals/UrbanDesignAndPlanning/AdaptiveReUseConcepts/RiverworksBefore.png
50d93baa85427c943b68099e2ac20f06  assets/images/Originals/UrbanDesignAndPlanning/AffordableHousing/RiverworksBefore.png
50e85b2727c5b2391fc743c5d384e9f3  assets/images/Thumbnails/Illustration/Pool.png
518aaaeff4d02203e61853bb5a4acdb4  assets/images/Thumbnails/Illustration/RiverEdgeRestoration.png
518bbcb1d9bd1520b175c6c2b0678d81  assets/images/Thumbnails/Research/FacilitatedWorkshops/Tekerd.png
51f2783a9a91ccd3ef5df134351eec3d  assets/images/Thumbnails/UrbanDesignAndPlanning/AdaptiveReUseConcepts/LCBOBefore.png
51fe8d0bc7e658b6e09bbe32be614aff  assets/images/Originals/UrbanDesignAndPlanning/Skovhave/PlantingScheme.png
528abc442eba6b85d30daad3baf7abef  assets/images/Originals/Illustration/GraceBay.png
528d584738c6a13aabafe20f2673458b  assets/images/Thumbnails/UrbanDesignAndPlanning/Northridge/Banner.png
52dd6e81f5ac515fc7ec7c0bdcf8ab5f  assets/images/Thumbnails/Research/FacilitatedWorkshops/LEGOWorkshops.png
54484daa1e10dcfe72838c9de6a46105  assets/images/Thumbnails/Illustration/JeffersonForest.png
54ffde81c12f1026ee411bfd9e7e4d09  assets/images/Originals/Research/QMethodOverview/OpinionDomain.png
551fac044c3daac8407fde7c6729ed21  assets/images/Originals/Research/LEGOProject/Gallery/SewageTreatment.png
55633df64df0f2cb25172550a208d73f  assets/images/Banners/Blue/CircularFoodsBanner.png
55cc1fe5090565080466ef57e72e4cde  assets/images/Originals/UrbanDesignAndPlanning/SLUCampus/Linkages.png
5610c5d0978266efa8b08da26f9b34da  assets/documents/pdfs/ExhibitionGuide.pdf
569437e30535c67a11ca24ff32d9ec1e  assets/images/Originals/Research/LEGOProject/Detail2.png
56bbf8b19770e8e5212f96c5a553d7ac  assets/images/Originals/UrbanDesignAndPlanning/GreenInnovationPark/Plan.png
583a97b32c2581bb7df6a103eceab87a  assets/images/Thumbnails/UrbanDesignAndPlanning/AdaptiveReUseConcepts/RiverworksAfter.png
583a97b32c2581bb7df6a103eceab87a  assets/images/Thumbnails/UrbanDesignAndPlanning/AffordableHousing/RiverworksAfter.png
58f7d3e23763963e09f48778127e9e07  assets/documents/pdfs/BrickJournalArticle.pdf
58fb28843bd212e62f670cf9a2658f2a  assets/images/Originals/UrbanDesignAndPlanning/AdaptiveReUseConcepts/PrestonAfter.png
59771593f88e8b6239cdf914bd0a3ae8  assets/images/Banners/Blue/GovernmentHouseBanner.png
59831d5ccc6d882848e16c31a4558861  assets/images/Banners/Blue/PlacemakingBanner.png
59831d5ccc6d882848e16c31a4558861  assets/images/Banners/Blue/VignettesBanner.png
598f7476bf08d62601f2413b96ca7f29  assets/images/Thumbnails/Research/LandscapeResearch/Field.png
59e7f40b3b7c4296dd5b1a843e32bed3  assets/images/Thumbnails/Research/LEGOProject/Gallery/VillageGreen.png
5a1ee71b69cca9275549d691b7721321  assets/images/Originals/Research/OutdoorPlayResearch/Child2.png
5bdf5c0d311dc32075cf73ca8bdf12ce  assets/images/Thumbnails/Illustration/Electra.png
5c61ad1342a06c1f4477f47b0255efbd  assets/images/Thumbnails/UrbanDesignAndPlanning/GreenInnovationPark/GreenInnovationPark.png
5d54fca48c51c3b53976454c76146baa  assets/images/Thumbnails/Research/LEGOProject/Gallery/BufferPlantings.png
5dd47e779c109dc8b65dd801003d481a  assets/images/Originals/Research/OutdoorPlayResearch/Cycling.png
5ebe1b40bff30f7f743dceb96af570ab  assets/images/Thumbnails/Illustration/Clubhouse3.png
5ecae5192aa950b5137279acad56341e  assets/images/Thumbnails/Research/LEGOProject/Detail3.png
5ef11384fbe39400847354f89727a966  assets/images/LandscapeResearch320.png
6012477ec04b95e2d5abc5625de9dfc1  assets/images/Teasers/CommercialTeaser.png
601a2b1ba30cfae0eacd4e1ea07246f4  assets/images/Thumbnails/Research/LEGOProject/Gallery/CivicBuilding.png
619cfc48de04029fad188727778b965c  assets/images/Originals/Research/LEGOProject/Detail3.png
61f3456dc0d58857a2ba2b2d6bd1f0bb  assets/images/Teasers/Research/FacilitationTeaser2.png
621bbf33b4f1e0022e16d0583bbdf090  assets/images/Thumbnails/Research/LEGOProject/BookCover.png
62af82e5541c9a9cfaf1aa7a7193046c  assets/images/Thumbnails/Illustration/LoraBaySleighRide.png
62d1b68ff789e0fb0fef538a5ed62b70  assets/images/Thumbnails/UrbanDesignAndPlanning/CambridgeRevitalization/InterventionsHespeler.png
63f31ba768eceb59ee6aa977437096bf  assets/images/Originals/Research/FacilitatedWorkshops/DowntownRevitalizationGalt.png
64b6dad8682d1507d5d7a1aa492c7790  assets/images/Thumbnails/Illustration/AbuDhabiElev.png
64c8f707ea5b50e00f95bf6dd998188c  assets/images/Teasers/AffordableHousingTeaser.png
64c8f707ea5b50e00f95bf6dd998188c  assets/images/Teasers/UrbanDesignAndPlanning/AffordableHousingTeaser.png
64e7ced2da717a2f8e12cbc81f048182  assets/images/Originals/Research/OutdoorPlayResearch/Cat.png
6591046bda426e9b8b7b3839661fb303  assets/images/Originals/Research/LEGOProject/Gallery/UrbanFarms.png
66095e337f371220b5c1bba20c49beb3  assets/images/Thumbnails/UrbanDesignAndPlanning/Skovhave/VideoLink.png
667cece04e7c86efe83cd5b60f07f85b  assets/images/Originals/UrbanDesignAndPlanning/UrbanMeadows/TapestryLawn.png
669ac4fe0cfb91856f4f58e376f2ce5c  assets/images/Thumbnails/Research/LEGOProject/LearningThroughPlay.png
66e6ecff56cf1bb7091239de1c2e9277  assets/images/Teasers/UrbanDesignAndPlanning/UrbanMeadowsTeaser.png
66e6ecff56cf1bb7091239de1c2e9277  assets/images/Teasers/UrbanMeadowsProject.png
66e6ecff56cf1bb7091239de1c2e9277  assets/images/Teasers/UrbanMeadowsTeaser.png
6740ca89467c9d17ad4f6d49d8be6873  assets/images/Originals/Illustration/YemenProject.png
675303da3372a7448473985fc616ab7c  assets/images/Thumbnails/UrbanDesignAndPlanning/Skovhave/PlantingScheme.png
67e365c6331ea26e900efc37af0183f6  assets/images/Thumbnails/UrbanDesignAndPlanning/Beausoleil/SpringwaterCreek.png
68d21734dfd90a0c6ff3c005e134992c  assets/images/Thumbnails/UrbanDesignAndPlanning/MississaugiPark/MississaugiParkPlanning.png
6a7b1e1ff70c76b04da69d985a84d785  assets/images/Originals/Illustration/Detail.png
6aa45703b3a67e20bc415943e0e9576a  assets/images/Thumbnails/Illustration/PoolArea.png
6bacbe0cfe7599aa9357620cf5c51fdb  assets/images/Originals/Illustration/McQuesten_Mural.png
6bb88e351f57a8dbd2ed4597045d0d43  assets/images/Banners/Blue/StreetscapeBanner.png
6beb5209ee6c70fad9b4d876f03ad3c1  assets/images/Thumbnails/Illustration/TridelCondos.png
6bf6ba59375529235252e8dedc6bbe4c  assets/images/Originals/Research/LandscapeResearch/Farmhouse.png
6c4119990e84d0d9d2622b94ad71ade7  assets/images/Originals/UrbanDesignAndPlanning/AffordableHousing/Plans.png
6cd5f733842882d799018dbc62defb46  assets/images/Thumbnails/Illustration/Townhouse.png
6d3a0aa38e31946b5b91f2fa76f7ef5d  assets/images/Teasers/CicularResearchCentreTeaser.png
6d3a0aa38e31946b5b91f2fa76f7ef5d  assets/images/Teasers/CircularFoodResearchCenterUppsala.png
6d3a0aa38e31946b5b91f2fa76f7ef5d  assets/images/Teasers/UrbanDesignAndPlanning/CicularResearchCentreTeaser.png
6e235bbb123a69a096bf8a014515866f  assets/images/Originals/Illustration/MarbleCanyon.png
6fa3774decb16ecabde71fa4a5d33ffa  assets/images/Originals/Research/LEGOProject/ChildrensWorkshop.png
6fcaf6e155ec9ff7f3f8531b1efc1c13  assets/images/Thumbnails/Illustration/Backyard.png
7158a2e0cf6466dfeb7a18cbf59ef487  assets/images/Thumbnails/UrbanDesignAndPlanning/UrbanMeadows/TapestryLawn.png
71bca9b67444c0d10099c123f15343e9  assets/images/Originals/UrbanDesignAndPlanning/SLUCampus/BufferStrip.png
7277ee5952eb7a534db43a0ccfa857e7  assets/images/Thumbnails/Illustration/PaintedLadies.png
729483425dcf25069ab4c01961cd83fe  assets/images/Thumbnails/Illustration/WinterScene.png
7332c30322be581f8be614f3239991a3  assets/images/Originals/Research/LandscapeResearch/Field.png
73e7dc46262bb604f2d272dbd5735f12  assets/images/Originals/Illustration/YemenVillas.png
746cb5f57e44829a3ca1dc7e9df72dfc  assets/images/Thumbnails/Illustration/ViewToGarden.png
74b66e6fa2ae50e604a2e0978e848169  assets/images/Teasers/Research/FacilitationTeaser.png
74cdab66264bdf52247f48f1c5139621  assets/images/Thumbnails/UrbanDesignAndPlanning/GreyGraniteClub/PlantingPlan.png
74d943db7d8b26ab09ef487cf584fa13  assets/images/Thumbnails/Home/ChristyHeadshotBW.png
7504562b6b01c5c71d272176f8a4cc45  assets/images/Originals/Illustration/Sydenham.png
75fb21e08c521af8db7b69047ff32313  assets/images/Thumbnails/Illustration/Bigwin2.png
778e4e4aecc486f90ed8dbd1004a8f9b  assets/images/Originals/UrbanDesignAndPlanning/AffordableHousing/PrimmerBefore.png
779eb5a8a4ea4b2edb52b2056b8171da  assets/images/Originals/Research/LEGOProject/Gallery/SaltwaterMarsh.png
77a7fc51808377074ba44af01d2fd36f  assets/images/Thumbnails/Illustration/LoraBay.png
77db79383b9fb8287928f3dc45a88017  assets/images/Thumbnails/Research/LEGOProject/Detail2.png
781eed031687f0b8c71789342e41c422  assets/images/Thumbnails/Research/FacilitatedWorkshops/Skovhave.png
78726b1c6fb8c645df00c75e997cfbc2  assets/images/Originals/Research/OutdoorPlayResearch/Skateboarding.png
78ae77a95f5a9b19a1c7d55fd5f51cce  assets/images/Thumbnails/Illustration/OfficeLobby.png
7929b0d573dcd20d6348bbadc85123ca  assets/images/Originals/UrbanDesignAndPlanning/GreenInnovationPark/GreenInnovationPark.png
796d977643e34aaf670f01dcd38cdbe3  assets/images/Thumbnails/Illustration/Avondale.png
798099a6d1f309e44ec404d6d1bfca1b  assets/images/Thumbnails/Research/LandscapeResearch/OldBarn.png
7a0f2094155af86c90d7a4e175102e4b  assets/images/Thumbnails/Research/LandscapeResearch/TheGardener.png
7a7d38ba2cd3f54899e0ad4a5a613275  assets/images/Teasers/OutdoorPlayResearch.png
7a7d38ba2cd3f54899e0ad4a5a613275  assets/images/Teasers/Research/OutdoorPlayResearchTeaser.png
7a7d38ba2cd3f54899e0ad4a5a613275  assets/images/Teasers/Research/QMethodTeaser1.png
7aa792eda3677078d608d9a1ee188c4f  assets/images/Originals/Illustration/Beach.png
7b16c780882f19ff0d060143fdbcaee3  assets/images/Originals/Illustration/Dock.png
7ce07a54556f05ae0a4875199c36e170  assets/images/Thumbnails/Research/FacilitatedWorkshops/FacilitatedWorkshops.png
7e4fa9baededfc8ff6a9bc5eba17553b  assets/images/Thumbnails/Illustration/Sydenham2.png
7e80a188ff895843e64773ad7dca9308  assets/images/Originals/Illustration/Clubhouse3.png
7e8db6ae230def520fa45a45029bc8b7  assets/documents/pdfs/Case Study -Secondary Suites.pdf
7ef9604d21f9d08dffd950fbada29c9b  assets/images/Originals/Illustration/KnowledgeGarden.png
7f1e0a79de3ebfe8f94bbdbefd54e21a  assets/images/Thumbnails/Research/LEGOProject/Gallery/Lighthouse.png
7f2ac080ae8da02fa0347d751acdd594  assets/images/Thumbnails/Research/LandscapeResearch/RuralLandscapeValues.png
7f370afaa1c45ffaac8e7744c86cf35f  assets/images/Thumbnails/Illustration/Magnolia.png
7f6d94e2b9d69b4ab51c85d3e9c73c5f  assets/images/UrbanDevelopment320.png
7fa6eef0d159da20b1fe17a2e3089894  assets/images/Originals/Research/OutdoorPlayResearch/Climbing.png
7ff23024352d17572937b6e9e4fcdb27  assets/images/Thumbnails/UrbanDesignAndPlanning/Beausoleil/Cabin.png
8109c4875bae09a98160c10465062223  assets/images/Originals/Illustration/ArtClass.png
81e1b77f93988c7b671146ba85b9294c  assets/images/Thumbnails/UrbanDesignAndPlanning/Skovhave/PublicSketch.png
8214e33c9a988f5116f594937587112a  assets/images/Thumbnails/Research/OutdoorPlayResearch/Cycling.png
835708d53dd7376794cb3f8003e57484  assets/images/Thumbnails/Research/OutdoorPlayResearch/Factor.png
841980051302550f192478fd4e4f762c  assets/images/Teasers/Research/PlayResearchTeaser.png
846ff47d582441b137219a356828ffd9  assets/images/Thumbnails/UrbanDesignAndPlanning/Northridge/RecreationPlan.png
84c05401f21351674f627a21f550bf29  assets/images/Originals/UrbanDesignAndPlanning/Beausoleil/Cabin.png
84e3eb611006406512aa698159a6e81b  assets/images/Thumbnails/UrbanDesignAndPlanning/AffordableHousing/FourUnitProject.png
865bd4bd81ae26b1c31db5937ee38f45  assets/images/Teasers/GreyGraniteTeaser.png
865bd4bd81ae26b1c31db5937ee38f45  assets/images/Teasers/UrbanDesignAndPlanning/GreyGraniteTeaser.png
86d51c22b549cc460bfeb1203e59c092  assets/images/Banners/Blue/GraphicRecordingBanner.png
86f9265e5a979cec93a0aba758391f55  assets/images/Originals/Illustration/10TorontoStreet.png
88aeb3f52f56690f130a2c31b1d91d25  assets/images/Originals/Illustration/ChamplainShores.png
88f7bcc299f64b1d4b5bb4ed4edabc23  assets/images/sorted.md5
89be5df94bcb43b2f960997e2cd686d7  assets/images/Originals/Research/LEGOProject/Gallery/BufferPlantings.png
8a908f47f4e198ef3f35c4dc76b82ecc  assets/images/Thumbnails/Research/LEGOProject/Model.png
8aaaedc13a4efd62e352c68eb592c020  assets/images/Thumbnails/UrbanDesignAndPlanning/AffordableHousing/HomeownerPlans.png
8bec6761702b27219567fb9bbe5ff555  assets/images/Originals/Illustration/NovaScotia.png
8c3c65f1452b3a200f2781dae913b07d  assets/images/Originals/Research/LEGOProject/UsingLEGO.png
8ca352f76a4483f5032819955ef0404d  assets/images/Originals/Illustration/TurksCaicos.png
8d0781ce26231824fe264ab810fb198b  assets/images/Thumbnails/Illustration/KaitlinResort.png
8dba2ecc0f8f6cda38eaabacc577ef02  assets/images/Thumbnails/Illustration/Library.png
8e4d4f2578702c2c5a5e1b3f0a137ffd  assets/images/Originals/Research/FacilitatedWorkshops/Tekerd.png
8e55fc7e361e6689e02ef92418288b29  assets/images/Thumbnails/Illustration/GreenboroWinter.png
916c986beb2d3dae996033c8b6e81a22  assets/images/Thumbnails/UrbanDesignAndPlanning/UrbanMeadows/SydregionComposition.png
91ad11c54ce91bec443722863111a20d  assets/images/Originals/Research/LEGOProject/Gallery/ChurchandCemetery.png
91ba714f20309234ef0086963c14d622  assets/images/Thumbnails/Home/ResearchThumbnail.png
91ba714f20309234ef0086963c14d622  assets/images/Thumbnails/Research/LEGOProject/UsingLEGO.png
920d6f36d2aacacca4841bf4ad628566  assets/images/Thumbnails/Illustration/Hockey.png
929c5db7f2bf90c4dfad85663d118c47  assets/images/Originals/Illustration/SaudiInterior.png
92c1d645e98782727ae869e5055c948b  assets/images/Originals/Home/ChristyHeadshotBW.png
9303a5328a443650321e99c72c361d63  assets/images/Thumbnails/Illustration/GreensboroSketch.png
93edf218277629a33419b9a2a348a704  assets/images/Teasers/GraphicRecordingTeaser.png
942e7913132f829cc5a2c631b135afe1  assets/images/Thumbnails/UrbanDesignAndPlanning/AffordableHousing/SeniorsHousing.png
9448abdf0108f906a201435fe3fc55c5  assets/images/Thumbnails/Illustration/Souk.png
944969a5fa76af762b4dace8cd0496df  assets/images/Originals/UrbanDesignAndPlanning/Skovhave/Rectangular.png
959ef8f7fe910d616f0e26f871d4994e  assets/images/Thumbnails/Research/QMethodOverview/SortingSheet.png
95e37e69ce9e471949f142b1bb87e759  assets/images/Teasers/UrbanDesignAndPlanning/UrbanMeadows2Teaser.png
95e37e69ce9e471949f142b1bb87e759  assets/images/Teasers/UrbanMeadows2.png
95e37e69ce9e471949f142b1bb87e759  assets/images/Teasers/UrbanMeadows2Teaser.png
971b53e21c8af82c498857f60246bfbc  assets/images/Thumbnails/Illustration/Corridor.png
9796cb5003635f1dbfaff6a9f9c143bf  assets/images/Thumbnails/Illustration/AvondalePool.png
97b97cfee84cc148b0d00d6d07e2b995  assets/images/Teasers/SkovhaveTeaser.png
97b97cfee84cc148b0d00d6d07e2b995  assets/images/Teasers/UrbanDesignAndPlanning/SkovhaveTeaser.png
9824bba82bba65e14a5ccd26485e8780  assets/images/Teasers/Research/WindEnergyPlanningTeaser.png
9824bba82bba65e14a5ccd26485e8780  assets/images/Teasers/UrbanDesignAndPlanning/WindEnergyPlanningTeaser.png
9824bba82bba65e14a5ccd26485e8780  assets/images/Teasers/WindEnergyPlanning.png
9824bba82bba65e14a5ccd26485e8780  assets/images/Teasers/WindEnergyPlanningTeaser.png
98a1604b35fb9cef677c9304342aa999  assets/images/Thumbnails/Research/QMethodOverview/Participants.png
998a7005aaedc7bc8d5e2b7e1beaa821  assets/images/Teasers/SLUCampusUppsalaSweden.png
9a9b83d9962c685e4753457146725e3c  assets/images/Thumbnails/Illustration/ChestnutPlace.png
9ada9030fbdd967d1e25480606f30010  assets/images/Thumbnails/UrbanDesignAndPlanning/SLUCampus/Linkages.png
9b2b20ec45206ef8f02d12b480772025  assets/images/Banners/Blue/ResortsBanner.png
9bf567eecac41277d6560b55675d4e2b  assets/images/Banners/Blue/QMethodBanner.png
9c90fe2360e029effddbaf00a81c1716  assets/images/Originals/Illustration/Madison.png
9cc07a4979bf803a1840415bb1bc009a  assets/documents/pdfs/A Community-Based Planning Model for Wind Energy Development.pdf
9ce81c5b7c003f6a49325ab5a818fb15  assets/images/Thumbnails/Illustration/Newport.png
9d0b3020e83eb86dd6e78ff47eb5f215  assets/images/Thumbnails/Research/FacilitatedWorkshops/DowntownRevitalizationGalt.png
9d1b9f698ead64942a5442bc587be4a5  assets/images/Originals/Illustration/BigwinCottage.png
9dc73156c80780ad02d98014f8e349c3  assets/images/Originals/Illustration/Clubhouse1.png
9de3943f39775c2f6d749a7e6e156848  assets/images/Thumbnails/UrbanDesignAndPlanning/GreyGraniteClub/sketches.png
9e53739260dd9bb8e3ade3f408af9bd7  assets/images/Originals/Research/LEGOProject/Gallery/VillageGreen.png
9ede7edc3cf56bc90beb2e42b3607a05  assets/images/Thumbnails/Illustration/ClubhouseInterior.png
9effea0ec185ac4e3fe430b03ee0a04b  assets/images/Thumbnails/Illustration/Sketch.png
9f147767f000f8458a5327bc2070e14f  assets/images/Originals/Illustration/Sydenham2.png
9f457a14409a99c65deef4f90972fe8c  assets/images/Thumbnails/Illustration/RoughSketch.png
9fe71bcc7b3e9b0f70b1520fbd545dd7  assets/images/Originals/UrbanDesignAndPlanning/GreyGraniteClub/GreyGranite.png
9ffe12d35690d8b79e8fef685cb60a11  assets/images/Originals/Research/LEGOProject/Detail1.png
a15b81c0a3de015fad8b8274b260261a  assets/images/Thumbnails/Illustration/Canoe.png
a188ce4f2a093bf4a4fb4d18bec1337d  assets/images/Originals/UrbanDesignAndPlanning/Beausoleil/Diagrams.png
a1aa97a45d6585f74bf199ee60921af6  assets/images/Thumbnails/Illustration/Interior.png
a334a01d764fd63ce635dfeeab3846fb  assets/images/Originals/Research/FacilitatedWorkshops/FacilitatedWorkshops.png
a3aaf149251de60a7e13555705d3e1fd  assets/images/Thumbnails/Illustration/ConcertHall.png
a3c21d2780bd6df1403c72f024059cee  assets/images/Originals/Research/LEGOProject/Detail4.png
a4468a04809e270ceac1e35c5917d74d  assets/images/Thumbnails/Illustration/Qatar.png
a8eb99f604be9b611b21420d9230a636  assets/images/Teasers/Student Housing.png
a8eb99f604be9b611b21420d9230a636  assets/images/Teasers/StudentHousing.png
a8eb99f604be9b611b21420d9230a636  assets/images/Teasers/UrbanDesignAndPlanning/StudentHousing.png
a90aed4588c3630d2fe3228957237c8e  assets/images/Originals/UrbanDesignAndPlanning/CambridgeRevitalization/InterventionsGalt.png
a94d77e4796536779d47d4cb52199833  assets/images/Thumbnails/UrbanDesignAndPlanning/GreenInnovationPark/Greenhouse.png
a94d77e4796536779d47d4cb52199833  assets/images/Thumbnails/UrbanDesignAndPlanning/SLUCampus/Greenhouse.png
a96ba93e85b0a597998ac33ffbb998aa  assets/images/Originals/UrbanDesignAndPlanning/MississaugiPark/MississaugiParkPlanning.png
aa51bebae7a81cfec70bc1b3966548de  assets/images/Thumbnails/Illustration/ChamplainShores.png
aa9795b205c1e1049c23dd5aa0705e32  assets/images/Banners/Blue/PlayResearchBanner1.png
ab8dbf33a5293484bb160fb2ac4c860b  assets/images/Originals/UrbanDesignAndPlanning/GreyGraniteClub/sketches.png
abf81dba1d880685e97992d93a98438b  assets/images/Thumbnails/Illustration/Etobicoke.png
ac4e71aede45d27092f7379f0343ad81  assets/images/Banners/Blue/WindEnergyBanner.png
acd55632ad875f72a95e175efe4bd495  assets/images/Thumbnails/Research/LandscapeResearch/Farmhouse.png
acfb250d29c17240a615c7d1285d369f  assets/images/Originals/UrbanDesignAndPlanning/AffordableHousing/SeniorsHousing.png
aee364e4fd671f605500f32e1787a743  assets/images/Thumbnails/UrbanDesignAndPlanning/GreyGraniteClub/GreyGranite.png
af8a1dadfdf7d513da3783ce987c12d7  assets/images/Thumbnails/Illustration/Sydenham.png
b0aa3a2be0033cd6ba2ba50290b69e6b  assets/images/Thumbnails/UrbanDesignAndPlanning/SLUCampus/Meadow.png
b25ac9302428afbc9595789c097ff14b  assets/images/Banners/Blue/UrbanMeadowsBanner.png
b2ccf3b17ca7b3332971302bc14cbcd7  assets/images/Originals/UrbanDesignAndPlanning/AffordableHousing/SecondarySuites.png
b2de5219c738ad45a0e1384732fb693c  assets/images/Thumbnails/Research/LEGOProject/Gallery/NatureCamp.png
b3653e77c3478bcffc6de44cc12e73c1  assets/images/Thumbnails/Illustration/CondoInterior.png
b5a04739ae26281a11bbace493262419  assets/images/Banners/Blue/InteriorBanner.png
b5a218c304723ff4d5a04928aa727c46  assets/images/Originals/UrbanDesignAndPlanning/CircularFoodResearch/Exterior.png
b5e539293a9e0a9149077a7bc671120f  assets/images/Originals/UrbanDesignAndPlanning/AdaptiveReUseConcepts/LCBOBefore.png
b61ed121ea2bb9b7f6fbacd2bd3f3b83  assets/images/Originals/UrbanDesignAndPlanning/AffordableHousing/KennedyBefore.png
b63b1e3b99852c3ffa009a20302b1221  assets/images/Originals/UrbanDesignAndPlanning/CambridgeRevitalization/UrbanDevelopment.png
b6610c5ac5452e990ea5077ea8430f0c  assets/images/Originals/Illustration/GravelPit.png
b723a4b22f8739cf7f243e824d2424d4  assets/images/Thumbnails/Research/LEGOProject/Gallery/ChurchandCemetery.png
b7b996684a529f48fe48b6072931dec3  assets/images/Originals/UrbanDesignAndPlanning/AffordableHousing/Kennedy.png
b8a7a3dd408098be1ed9d4c88d86d081  assets/images/Originals/Research/FacilitatedWorkshops/ParticipatoryDesign.png
b8d43d1c7eae6fda5ea61687ed6a9f2b  assets/images/Originals/Illustration/GreensboroHouse.png
b8d43d1c7eae6fda5ea61687ed6a9f2b  assets/images/Originals/Illustration/Greensboro.png
ba42c0b5c309e36f5036c3199e094305  assets/images/Thumbnails/UrbanDesignAndPlanning/GreyGraniteClub/InteriorConcepts.png
bcf87f9c1bc714285b1faef1c2455d53  assets/images/Thumbnails/Research/OutdoorPlayResearch/Cat.png
bd9d2c615229e1ae9f375cc0aa9d1de2  assets/images/Thumbnails/UrbanDesignAndPlanning/CircularFoodResearch/AerialSketch.png
bdd4eed59f1071a3ad075fcbc791f3e5  assets/images/Originals/UrbanDesignAndPlanning/CambridgeRevitalization/InterventionsHespeler.png
bf4847d5d1d351023abc4577a9fad66a  assets/images/Thumbnails/Illustration/OnePoint.png
bf5f4fbf14b81dc7f251ab107a29603a  assets/images/Thumbnails/Research/CommunicationAndOutreach/SustainableCityColumn.png
bfc3cb8f2f7bc9b93e0e941f3e626826  assets/images/Thumbnails/Illustration/DubaiPostOffice.png
bfe18c100743705f7b3f04dedfa4ea11  assets/images/Teasers/MississaugiPark.png
bfe18c100743705f7b3f04dedfa4ea11  assets/images/Teasers/MississaugiParkTeaser.png
bfe18c100743705f7b3f04dedfa4ea11  assets/images/Teasers/UrbanDesignAndPlanning/MississaugiParkTeaser.png
c017116e41ea405567e519f2e19375fc  assets/images/Thumbnails/UrbanDesignAndPlanning/AffordableHousing/KennedyBefore.png
c02770af0cc56c25e150909b3018a255  assets/images/Thumbnails/UrbanDesignAndPlanning/Skovhave/EastVignette.png
c097463a944b355320e95ecf0d3ddcc2  assets/images/Originals/Illustration/KPMBSitePlan.png
c0ec57794512132ebe185a6fed27eb4e  assets/images/Thumbnails/Illustration/Acacia.png
c28ab8877e8a2c311fe920783730ba52  assets/images/Teasers/AerialsTeaser.png
c28dae5b0d89665f686cbbca8c3784b0  assets/images/Thumbnails/Research/LEGOProject/Gallery/Hospital.png
c36ab9e2a922ecdeea39861cc2f013f4  assets/images/Thumbnails/Research/LandscapeResearch/Participant.png
c39e2a5814ec70327fc5161212108773  assets/images/Teasers/Placemaking.png
c39e2a5814ec70327fc5161212108773  assets/images/Teasers/Research/PlacemakingTeaser.png
c446970df12b940978f990d8d886ae06  assets/images/Originals/Research/LandscapeResearch/OldBarn.png
c46a8bc3cf26ab0fec9183ffec72a83e  assets/images/Thumbnails/Illustration/Romanza.png
c5001633cf57bb0740874e8f8ec5f024  assets/images/Originals/Illustration/OfficeLobby.png
c572f973cfc508f19b7bbec832e1e2cc  assets/images/Originals/UrbanDesignAndPlanning/AffordableHousing/FourUnitProject.png
c5eb625b059af0225358cbcc4c901f1d  assets/images/Thumbnails/UrbanDesignAndPlanning/UrbanMeadows/NorremarkenComposition.png
c657d92d96f606c046e145e6309eb7b7  assets/images/Banners/Blue/MasterplanBanner.png
c72fe9324696cab398b8b4d5f6888c64  assets/images/Thumbnails/UrbanDesignAndPlanning/GreenInnovationPark/GreenBuildingResearch.png
c7d051032c186e1d194f63d61398db61  assets/images/Originals/Illustration/Streetscape.png
c7e2a60f22bd7ca17c20f7a737570969  assets/images/Originals/Research/LandscapeResearch/TheCultivator.png
c8c275e4364436b5c1cc0cc81419ced7  assets/images/Thumbnails/UrbanDesignAndPlanning/AdaptiveReUseConcepts/CollinsBarrowBefore.png
c91a39b871cb3d1dfe917c3a886bf029  assets/images/Originals/Research/QMethodOverview/SortingSheet.png
c939cef8e506ed41a98b698a0c5751a7  assets/images/Thumbnails/Illustration/Propertysketch.png
c939cef8e506ed41a98b698a0c5751a7  assets/images/Thumbnails/Illustration/PropertySketch.png
ca54a021b3b6e0ddfe0ec76281bcc6ec  assets/images/Thumbnails/Illustration/EmeryInterior.png
cb2929ea0702e48589b952f1bca42815  assets/images/Thumbnails/UrbanDesignAndPlanning/Northridge/LakeshoreVignette.png
cc61624f5e31522cd4bac5774169d0e4  assets/images/Originals/UrbanDesignAndPlanning/UrbanMeadows/SydregionComposition.png
cd45572a88ca34edfa474357809b543c  assets/images/Thumbnails/UrbanDesignAndPlanning/GreenInnovationPark/CropResearch.png
cd65bbe5eecc340152832902465a7420  assets/images/Originals/Research/LEGOProject/Model.png
cd7e0a578c31b7bb69924c4d1082fb7d  assets/images/Originals/Illustration/ArthurEricson.png
ce824532adb4d9983e6bc2ca2fcbab25  assets/images/Originals/UrbanDesignAndPlanning/Northridge/Park.png
ceab6b2b9254490e91435567993778df  assets/images/Thumbnails/UrbanDesignAndPlanning/AffordableHousing/PrimmerAfter.png
cf78e50e39ff4feff3343bbb5d9cfc13  assets/images/Originals/Illustration/MaceyBay.png
d1096414b8f3d8a9100c028560a24116  assets/images/Thumbnails/Illustration/DubaiElev.png
d232d85289a5770b3977fba4d84a4190  assets/images/Originals/Research/LandscapeResearch/RuralLandscapeValues.png
d2c5c66fe0a7e6f25bbc3e387fb0f8fb  assets/images/Thumbnails/Research/LEGOProject/Gallery/Dunes.png
d3d9664f5861cbd95a008d1a449d3fc2  assets/images/Originals/UrbanDesignAndPlanning/GreenInnovationPark/HousingInfill.png
d45e25bc9e83ea0b91f89f310f94b0bb  assets/documents/pdfs/ActivityBook-English.pdf
d513cb405fa129b0df61bc022afc59ca  assets/images/Originals/Research/LEGOProject/Gallery/ResilientPlants.png
d55a62cf49dce7e31d4d091e127fcf06  assets/images/Thumbnails/Research/LEGOProject/VideoLink.png
d6055685690a1a4ffc8281fec55208f9  assets/images/Teasers/DowntownRevitalization.png
d62ecd2a208a8b34e8e81ec5bb649664  assets/images/Teasers/SitePlanTeaser.png
d63b026e0fb0bb5962463ccbc434b9a8  assets/images/Originals/Illustration/AbuDhabiElev.png
d643bf44901e87505849b09d857921e6  assets/images/Thumbnails/Illustration/StJames.png
d664f2676caacc35700772c163ea3891  assets/images/Originals/UrbanDesignAndPlanning/Skovhave/EastVignette.png
d7957bd11dda153a72f336ca0063bb3c  assets/images/Thumbnails/Illustration/Villas.png
d7fe06b7a4c748216809d0726195d6b1  assets/images/Thumbnails/Illustration/Hotel.png
d8027d7c6b58005e019d3a354409034e  assets/images/Originals/Illustration/Newcastle.png
d8d2dca108aeb11100de8d7722db4751  assets/images/Originals/Research/LEGOProject/Gallery/GeologicFeatures.png
d996bfa110448ac812a6215f3a590634  assets/images/Originals/UrbanDesignAndPlanning/TheStation/CPStationAfter.png
d998c4b58d9ccde3e5c4e79be6cc3b46  assets/images/Thumbnails/UrbanDesignAndPlanning/AdaptiveReUseConcepts/CollinsBarrowAfter.png
d9d6db9f05685a36136ddd2a0b730968  assets/images/Thumbnails/Research/LEGOProject/Gallery/ResilientPlants.png
d9e66183c536517aca89ff77b5d3b8ba  assets/documents/pdfs/SecondarySuiteWorkshop.pdf
da661eeec6c7712b5346d04e5856a388  assets/images/Teasers/CambridgeRevitalizationTeaser.png
da661eeec6c7712b5346d04e5856a388  assets/images/Teasers/UrbanDesignAndPlanning/CambridgeRevitalizationTeaser.png
db46f6788256993a31e94e5d1283eb08  assets/images/Originals/Illustration/SchoolGym.png
db6f70e1601a04b73c9c170492df2b2e  assets/images/Teasers/SketchesTeaser.png
db722ed495bfe5c7844e25da39b68039  assets/images/Originals/UrbanDesignAndPlanning/CircularFoodResearch/AerialSketch.png
db7a6cd46a5ec36d83bf76aa8f41092c  assets/images/Originals/Illustration/GovernmentHouse.png
db86878c99a72dad17f911dd97396b44  assets/images/Thumbnails/Research/OutdoorPlayResearch/Child1.png
dbdc0c3e0c0994d33a7494e79bd3e6bc  assets/images/Originals/Illustration/Clubhouse2.png
dbde4701ca316aa22eff138caacd4a01  assets/images/Thumbnails/Illustration/Regency.png
dbf21953a58e68a684246eb36797540a  assets/images/Thumbnails/Home/UrbanDesignThumbnail.png
dd28c194603f61757c13dc733bbf9913  assets/images/Thumbnails/Illustration/Hotel2.png
dd7b8383a8a3b72f10dd06c8bb2f934c  assets/images/Teasers/Journalism.png
dd7b8383a8a3b72f10dd06c8bb2f934c  assets/images/Teasers/Research/JournalismTeaser.png
dd8278d767dcbdba2172ac1cbd6b25b3  assets/images/Originals/Illustration/PaintedLadies.png
dde807347db1412a1eea82f621f034e1  assets/images/Thumbnails/UrbanDesignAndPlanning/AffordableHousing/SecondarySuites.png
debd1abab98eefe39242dca983cc1e10  assets/images/Thumbnails/Illustration/StRegis.png
df854ef95059e59eda907b5e482fb3fe  assets/images/Thumbnails/Research/LEGOProject/Detail4.png
e157965af2312fa590dd42316e42b13e  assets/images/Thumbnails/Research/LEGOProject/Gallery/UrbanFarms.png
e1ce1956217db672f5ff984d72dac230  assets/images/Banners/Blue/AffordableHousingBanner.png
e26a07e301d76727de007ae48a5408e7  assets/images/Thumbnails/UrbanDesignAndPlanning/AffordableHousing/Kennedy.png
e300186c7ba5df7dbbee8183107d9636  assets/images/Thumbnails/Illustration/GreensboroHouse.png
e315058773d0318c94cf4dc2bb4b407d  assets/images/Thumbnails/Illustration/OfficeInterior.png
e3363742b9c02b032e151ef9cf8d5f62  assets/images/Thumbnails/Illustration/ArtClass.png
e35464df350cd0cb49f23df546efa3dc  assets/images/Originals/UrbanDesignAndPlanning/StudentHousingConcept/Plan.png
e35464df350cd0cb49f23df546efa3dc  assets/images/Thumbnails/UrbanDesignAndPlanning/StudentHousingConcept/Plan.png
e4160bc7ed5c7b9f2067eccd48a31f0c  assets/images/Thumbnails/Illustration/Newcastle.png
e42ce2c0c9b55444000b6c96b9044d07  assets/images/Thumbnails/Research/LEGOProject/Gallery/Marina.png
e47357cb038c13be70faabdd957f2cfe  assets/images/Thumbnails/Illustration/Lormel.png
e48635455f128902bf9f73220f956f94  assets/images/Originals/Illustration/Hockey.png
e589a26e3917f3325d542cd7b318207e  assets/images/Originals/Illustration/Bigwin2.png
e67fbb4f4452e874750000d2d2d3d8ae  assets/images/Originals/UrbanDesignAndPlanning/TheStation/CPStationBefore.png
e739767963a3b01500f1b5d48f9db3f9  assets/images/Thumbnails/Research/WindEnergyPlanning/DeliberativeProcess.png
e81c4f6e996dda2322c6238ae2472f76  assets/images/Originals/UrbanDesignAndPlanning/CambridgeRevitalization/DowntownRevitalizationTeaser.png
e8b03e64be16a5b1e451e63f5a17aa46  assets/images/Originals/UrbanDesignAndPlanning/AdaptiveReUseConcepts/LCBOAfter.png
e9de083a08908bd573936803086041fd  assets/images/Thumbnails/UrbanDesignAndPlanning/AffordableHousing/AffordableHousing.png
eb13218607c2476210df8c4555829962  assets/images/Banners/Blue/LandscapeResearchBanner.png
eb5ce30f59b6076a89b2ad6cc5a3f2d0  assets/images/Originals/Research/QMethodOverview/Participants.png
ec6ec29ad8ebb87c106127308f90a761  assets/images/Thumbnails/UrbanDesignAndPlanning/TheStation/CPStationBefore.png
ed46891bf3749c0a0d3a952e6961ec76  assets/images/Originals/Research/LandscapeResearch/TheBuilder.png
ee12faebca4b1bfc77116b005b70a0ed  assets/images/Originals/UrbanDesignAndPlanning/GreyGraniteClub/PlantingPlan.png
eead5bcd5c85fcc46a1f6621a08d73db  assets/images/Thumbnails/UrbanDesignAndPlanning/CircularFoodResearch/CircularFoodResearch.png
eead5bcd5c85fcc46a1f6621a08d73db  assets/images/Thumbnails/UrbanDesignAndPlanning/GreenInnovationPark/CircularFoodResearch.png
eed3230375a14f62eb5e8debbc7ac1f6  assets/images/.files.md5.swp
ef48dd53fc001ba5f1c48dec9eb70132  assets/images/Originals/Illustration/KaitlinBayport.png
efe1b95298d6b2b8030ec32aa49d6718  assets/images/Thumbnails/Illustration/Dock.png
f072938634a3818e40ae5ad883e1d822  assets/images/Originals/Illustration/Waterpark.png
f09c4cb0242a15d39ee6d14b123db74f  assets/images/Thumbnails/Research/OutdoorPlayResearch/Climbing.png
f0b86aad9b798ba8423941c978173ee2  assets/images/Thumbnails/Illustration/TheMorgan.png
f130fe5e6f9fdeaa58b731f49c88eb44  assets/images/Teasers/SLUTeaser.png
f130fe5e6f9fdeaa58b731f49c88eb44  assets/images/Teasers/UrbanDesignAndPlanning/SLUTeaser.png
f16b28989588e765e50b8add68d04e67  assets/images/Thumbnails/Research/LandscapeResearch/Materials.png
f17c1892fee335b6c7240488d2bdcc62  assets/images/Originals/Illustration/EmeryInterior.png
f1b168d4247d689eca44086ff52acdd6  assets/images/Originals/Research/FacilitatedWorkshops/WindPlanningWorkshop.png
f20f37b44b0877ec91c2701b2e26eba0  assets/images/Thumbnails/Illustration/Goldlist.png
f250ccc56f2bb0351df66cffc289791b  assets/images/Thumbnails/Illustration/Indigo.png
f27b65f9908be4949b0e1f6e3cc15e44  assets/images/Originals/UrbanDesignAndPlanning/GreenInnovationPark/GreenBuildingResearch.png
f358de09052a1bb48a71995dd02f67f7  assets/images/Originals/UrbanDesignAndPlanning/CircularFoodResearch/CircularFoodResearch.png
f358de09052a1bb48a71995dd02f67f7  assets/images/Originals/UrbanDesignAndPlanning/GreenInnovationPark/CircularFoodResearch.png
f3811fd31b99c59fb0badea28efc280a  assets/images/Banners/Blue/PlayReserachBanner2.png
f45ea4b639637002559386a4dea8e3d2  assets/images/Originals/Research/LandscapeResearch/Participant.png
f491347ca92453863571b78f73591c73  assets/images/Thumbnails/UrbanDesignAndPlanning/AffordableHousing/PrimmerBefore.png
f51d0696bc6b06c50e69837ce6f6db44  assets/images/Teasers/NorthridgeMasterPlan.png
f51d0696bc6b06c50e69837ce6f6db44  assets/images/Teasers/NorthridgeTeaser.png
f51d0696bc6b06c50e69837ce6f6db44  assets/images/Teasers/UrbanDesignAndPlanning/NorthridgeTeaser.png
f52ce20965c02cc3bce862f3d09d377d  assets/images/Originals/UrbanDesignAndPlanning/AdaptiveReUseConcepts/PrestonBefore.png
f53cea6b3d827a1ee075c5283534c2da  assets/images/Originals/Research/LandscapeResearch/TheNaturalist.png
f5c54b63d0c7815675d97b22c8e1e578  assets/images/Originals/UrbanDesignAndPlanning/Northridge/LakeshoreVignette.png
f62961feb9c388aad1f125fcd64e2585  assets/images/Teasers/ResortsTeaser.png
f647f88e7dee79ab37985e7c8329c8e0  assets/images/Thumbnails/Research/LandscapeResearch/TheBuilder.png
f64b5e56f7a17324c6a55f1016f5647d  assets/images/Thumbnails/UrbanDesignAndPlanning/CircularFoodResearch/Exterior.png
f669a4ed00886bd71e1df2f001156ba4  assets/images/Teasers/InteriorTeaser.png
f68561494d0f9d737d2b00e8e4dd0af6  assets/images/Originals/Research/LEGOProject/VideoLink.png
f75b0976fb3bf6a7b5be8e36f8db0bfd  assets/images/Thumbnails/Illustration/InteriorPlan.png
f77051d85d25c386c8c48e92101ce2a9  assets/images/Thumbnails/Illustration/10TorontoStreet.png
f8178bd9c944f8669a2c557d13e8874b  assets/images/Thumbnails/UrbanDesignAndPlanning/SLUCampus/WellnessCenter.png
f988d7fe6d07aad722a6e4d9f84ddb4f  assets/images/Thumbnails/Research/LEGOProject/Gallery/SewageTreatment.png
f99accb141e57a5acc5a9955b805888e  assets/images/Thumbnails/UrbanDesignAndPlanning/GreenInnovationPark/Plan.png
fa7d6dbc4c5d341969e64abd15392a64  assets/documents/pdfs/Bergquist et al 2019.pdf
fa9c21f0d84843b2a5512d7ea0b572a2  assets/images/Banners/Blue/LEGOBanner.png
fb40afd41b4c3ccb12d9cc4e150b0837  assets/images/Thumbnails/Illustration/Cornellsketch.png
fb40afd41b4c3ccb12d9cc4e150b0837  assets/images/Thumbnails/Illustration/CornellSketch.png
fbeff1114ab60e6945543a926faf7994  assets/images/Originals/Illustration/Clubhouse.png
fc0b15d289f766750081a61938cdba1e  assets/images/Thumbnails/Home/IllustrationThumbnail.png
fc0f77620cfff8cb5b6918bc093c0eca  assets/images/Thumbnails/Illustration/LobbyVignette.png
fc4a4a59a9ddfdbad16f0740f00e9350  assets/images/Originals/Research/LEGOProject/Gallery/Marina.png
fc62c8e6ccb6ec2846b00261f3751f12  assets/images/Thumbnails/Research/OutdoorPlayResearch/Skateboarding.png
fd44e045e0eaa981e232608c621e6bc7  assets/images/Originals/Illustration/KaitlinResort.png
fe221a63b613c82f12e4bf6a4f02dcd3  assets/images/Thumbnails/Illustration/Kortright.png
fe674260d7c0bb3734271d7dc8a46e14  assets/images/Thumbnails/Illustration/SchoolGym.png
ffe9bc7aaa0b48a1a55529f7b2e84a31  assets/images/Thumbnails/Research/FacilitatedWorkshops/WindPlanningWorkshop.png
