assets/images/Banners/Blue/AerialsBanner.png
assets/images/Banners/Blue/AffordableHousingBanner.png
assets/images/Banners/Blue/CircularFoodsBanner.png
assets/images/Banners/Blue/FacilitationBanner.png
assets/images/Banners/Blue/GovernmentHouseBanner.png
assets/images/Banners/Blue/InteriorBanner.png
assets/images/Banners/Blue/LandscapeResearchBanner.png
assets/images/Banners/Blue/LEGOBanner.png
assets/images/Banners/Blue/MasterplanBanner.png
assets/images/Banners/Blue/PlayResearchBanner1.png
assets/images/Banners/Blue/QMethodBanner.png
assets/images/Banners/Blue/SitePLanBanner2.png
assets/images/Banners/Blue/SitePlanBanner.png
assets/images/Banners/Blue/UrbanMeadowsBanner.png
assets/images/Banners/Blue/WindEnergyBanner.png
assets/images/Originals/Illustration/10TorontoStreet.png
assets/images/Originals/Illustration/AbuDhabiElev.png
assets/images/Originals/Illustration/ArtClass.png
assets/images/Originals/Illustration/ArthurEricson.png
assets/images/Originals/Illustration/Backyard.png
assets/images/Originals/Illustration/Beach.png
assets/images/Originals/Illustration/Bigwin2.png
assets/images/Originals/Illustration/BigwinCottage.png
assets/images/Originals/Illustration/BriarHill.png
assets/images/Originals/Illustration/Canoe.png
assets/images/Originals/Illustration/ChamplainShores.png
assets/images/Originals/Illustration/Clubhouse2.png
assets/images/Originals/Illustration/Clubhouse3.png
assets/images/Originals/Illustration/Clubhouse.png
assets/images/Originals/Illustration/CondoInterior.png
assets/images/Originals/Illustration/Cornell.png
assets/images/Originals/Illustration/CornellSketch.png
assets/images/Originals/Illustration/Corridor.png
assets/images/Originals/Illustration/Detail2.png
assets/images/Originals/Illustration/Dock.png
assets/images/Originals/Illustration/Elevator.png
assets/images/Originals/Illustration/EmeryInterior.png
assets/images/Originals/Illustration/Etobicoke.png
assets/images/Originals/Illustration/GovernmentHouse.png
assets/images/Originals/Illustration/GraceBay.png
assets/images/Originals/Illustration/GravelPit.png
assets/images/Originals/Illustration/GreensboroHouse.png
assets/images/Originals/Illustration/GreensboroSketch.png
assets/images/Originals/Illustration/Hockey.png
assets/images/Originals/Illustration/HotelRoom.png
assets/images/Originals/Illustration/Indigo.png
assets/images/Originals/Illustration/InteriorPlan.png
assets/images/Originals/Illustration/Interior.png
assets/images/Originals/Illustration/InteriorStudy.png
assets/images/Originals/Illustration/KaitlinBayport.png
assets/images/Originals/Illustration/KaitlinResort.png
assets/images/Originals/Illustration/KnowledgeGarden.png
assets/images/Originals/Illustration/KPMBSitePlan.png
assets/images/Originals/Illustration/LifecentreClinic.png
assets/images/Originals/Illustration/LobbyVignette.png
assets/images/Originals/Illustration/LoraBay.png
assets/images/Originals/Illustration/LoraBaySleighRide.png
assets/images/Originals/Illustration/MaceyBay.png
assets/images/Originals/Illustration/Magnolia.png
assets/images/Originals/Illustration/MarbleCanyon.png
assets/images/Originals/Illustration/McQuesten_Mural.png
assets/images/Originals/Illustration/Newcastle.png
assets/images/Originals/Illustration/NovaScotia.png
assets/images/Originals/Illustration/OfficeLobby.png
assets/images/Originals/Illustration/PaintedLadies.png
assets/images/Originals/Illustration/PoolArea.png
assets/images/Originals/Illustration/PropertySketch.png
assets/images/Originals/Illustration/Qatar.png
assets/images/Originals/Illustration/Restaurant.png
assets/images/Originals/Illustration/RiverEdgeRestoration.png
assets/images/Originals/Illustration/Riverside.png
assets/images/Originals/Illustration/Romanza.png
assets/images/Originals/Illustration/RoughSketch.png
assets/images/Originals/Illustration/SaudiInterior.png
assets/images/Originals/Illustration/Sketch.png
assets/images/Originals/Illustration/Souk.png
assets/images/Originals/Illustration/Streetscape.png
assets/images/Originals/Illustration/StreetscapeSketch.png
assets/images/Originals/Illustration/StRegis.png
assets/images/Originals/Illustration/Sydenham2.png
assets/images/Originals/Illustration/Sydenham.png
assets/images/Originals/Illustration/SydenhamSketch.png
assets/images/Originals/Illustration/Townhouse.png
assets/images/Originals/Illustration/TridelCondos.png
assets/images/Originals/Illustration/TurksCaicos.png
assets/images/Originals/Illustration/UrbanFarm.png
assets/images/Originals/Illustration/Villas.png
assets/images/Originals/Illustration/Waterpark.png
assets/images/Originals/Illustration/WinterScene.png
assets/images/Originals/Illustration/WinterStroll.png
assets/images/Originals/Illustration/YemenProject.png
assets/images/Originals/Research/CommunicationAndOutreach/GreenTeamToTheRescue.png
assets/images/Originals/Research/CommunicationAndOutreach/SustainableCityColumn.png
assets/images/Originals/Research/FacilitatedWorkshops/DowntownRevitalizationGalt.png
assets/images/Originals/Research/FacilitatedWorkshops/FacilitatedWorkshops.png
assets/images/Originals/Research/FacilitatedWorkshops/LEGOWorkshops.png
assets/images/Originals/Research/FacilitatedWorkshops/Skovhave.png
assets/images/Originals/Research/FacilitatedWorkshops/Tekerd.png
assets/images/Originals/Research/FacilitatedWorkshops/WindPlanningWorkshop.png
assets/images/Originals/Research/LandscapeResearch/Farmhouse.png
assets/images/Originals/Research/LandscapeResearch/Field.png
assets/images/Originals/Research/LandscapeResearch/Materials.png
assets/images/Originals/Research/LandscapeResearch/OldBarn.png
assets/images/Originals/Research/LandscapeResearch/Participant.png
assets/images/Originals/Research/LandscapeResearch/TheBuilder.png
assets/images/Originals/Research/LandscapeResearch/TheCultivator.png
assets/images/Originals/Research/LandscapeResearch/TheGardener.png
assets/images/Originals/Research/LandscapeResearch/TheNaturalist.png
assets/images/Originals/Research/LEGOProject/ChildrensWorkshop.png
assets/images/Originals/Research/LEGOProject/Gallery/BufferPlantings.png
assets/images/Originals/Research/LEGOProject/Gallery/ChurchandCemetery.png
assets/images/Originals/Research/LEGOProject/Gallery/CivicBuilding.png
assets/images/Originals/Research/LEGOProject/Gallery/Dunes.png
assets/images/Originals/Research/LEGOProject/Gallery/GeologicFeatures.png
assets/images/Originals/Research/LEGOProject/Gallery/Hospital.png
assets/images/Originals/Research/LEGOProject/Gallery/Lighthouse.png
assets/images/Originals/Research/LEGOProject/Gallery/Marina.png
assets/images/Originals/Research/LEGOProject/Gallery/NatureCamp.png
assets/images/Originals/Research/LEGOProject/Gallery/ResilientPlants.png
assets/images/Originals/Research/LEGOProject/Gallery/SaltwaterMarsh.png
assets/images/Originals/Research/LEGOProject/Gallery/SewageTreatment.png
assets/images/Originals/Research/LEGOProject/Gallery/UrbanFarms.png
assets/images/Originals/Research/LEGOProject/Gallery/VillageGreen.png
assets/images/Originals/Research/LEGOProject/LearningThroughPlay.png
assets/images/Originals/Research/LEGOProject/Model.png
assets/images/Originals/Research/LEGOProject/UsingLEGO.png
assets/images/Originals/Research/OutdoorPlayResearch/Cat.png
assets/images/Originals/Research/OutdoorPlayResearch/Child2.png
assets/images/Originals/Research/OutdoorPlayResearch/Climbing.png
assets/images/Originals/Research/OutdoorPlayResearch/Cycling.png
assets/images/Originals/Research/OutdoorPlayResearch/Factor.png
assets/images/Originals/Research/OutdoorPlayResearch/Skateboarding.png
assets/images/Originals/Research/QMethodOverview/OpinionDomain.png
assets/images/Originals/Research/QMethodOverview/Participants.png
assets/images/Originals/Research/WindEnergyPlanning/DeliberativeProcess.png
assets/images/Originals/Research/WindEnergyPlanning/SynthesisMap.png
assets/images/Originals/UrbanDesignAndPlanning/AdaptiveReUseConcepts/CollinsBarrowAfter.png
assets/images/Originals/UrbanDesignAndPlanning/AdaptiveReUseConcepts/CollinsBarrowBefore.png
assets/images/Originals/UrbanDesignAndPlanning/AdaptiveReUseConcepts/LCBOAfter.png
assets/images/Originals/UrbanDesignAndPlanning/AdaptiveReUseConcepts/LCBOBefore.png
assets/images/Originals/UrbanDesignAndPlanning/AdaptiveReUseConcepts/PrestonAfter.png
assets/images/Originals/UrbanDesignAndPlanning/AdaptiveReUseConcepts/PrestonBefore.png
assets/images/Originals/UrbanDesignAndPlanning/AdaptiveReUseConcepts/RiverworksAfter.png
assets/images/Originals/UrbanDesignAndPlanning/AdaptiveReUseConcepts/RiverworksBefore.png
assets/images/Originals/UrbanDesignAndPlanning/AffordableHousing/FourUnitProject.png
assets/images/Originals/UrbanDesignAndPlanning/AffordableHousing/HomeownerPlans.png
assets/images/Originals/UrbanDesignAndPlanning/AffordableHousing/KennedyBefore.png
assets/images/Originals/UrbanDesignAndPlanning/AffordableHousing/Kennedy.png
assets/images/Originals/UrbanDesignAndPlanning/AffordableHousing/Plans.png
assets/images/Originals/UrbanDesignAndPlanning/AffordableHousing/PrimmerAfter.png
assets/images/Originals/UrbanDesignAndPlanning/AffordableHousing/PrimmerBefore.png
assets/images/Originals/UrbanDesignAndPlanning/AffordableHousing/RiverworksAfter.png
assets/images/Originals/UrbanDesignAndPlanning/AffordableHousing/RiverworksBefore.png
assets/images/Originals/UrbanDesignAndPlanning/AffordableHousing/SecondarySuites.png
assets/images/Originals/UrbanDesignAndPlanning/AffordableHousing/SeniorsHousing.png
assets/images/Originals/UrbanDesignAndPlanning/Beausoleil/Cabin.png
assets/images/Originals/UrbanDesignAndPlanning/Beausoleil/Diagrams.png
assets/images/Originals/UrbanDesignAndPlanning/Beausoleil/SpringwaterCreek.png
assets/images/Originals/UrbanDesignAndPlanning/CambridgeRevitalization/InterventionsGalt.png
assets/images/Originals/UrbanDesignAndPlanning/CambridgeRevitalization/InterventionsHespeler.png
assets/images/Originals/UrbanDesignAndPlanning/CambridgeRevitalization/InterventionsPreston.png
assets/images/Originals/UrbanDesignAndPlanning/CircularFoodResearch/CircularFoodResearch.png
assets/images/Originals/UrbanDesignAndPlanning/CircularFoodResearch/Exterior.png
assets/images/Originals/UrbanDesignAndPlanning/GreenInnovationPark/CircularFoodResearch.png
assets/images/Originals/UrbanDesignAndPlanning/GreenInnovationPark/CropResearch.png
assets/images/Originals/UrbanDesignAndPlanning/GreenInnovationPark/GreenBuildingResearch.png
assets/images/Originals/UrbanDesignAndPlanning/GreenInnovationPark/Greenhouse.png
assets/images/Originals/UrbanDesignAndPlanning/GreenInnovationPark/GreenInnovationPark.png
assets/images/Originals/UrbanDesignAndPlanning/GreenInnovationPark/HousingInfill.png
assets/images/Originals/UrbanDesignAndPlanning/GreenInnovationPark/Plan.png
assets/images/Originals/UrbanDesignAndPlanning/GreenInnovationPark/StreetLevelView.png
assets/images/Originals/UrbanDesignAndPlanning/GreyGraniteClub/GreyGranite.png
assets/images/Originals/UrbanDesignAndPlanning/GreyGraniteClub/PlantingPlan.png
assets/images/Originals/UrbanDesignAndPlanning/GreyGraniteClub/sketches.png
assets/images/Originals/UrbanDesignAndPlanning/MississaugiPark/MississaugiParkPlanning.png
assets/images/Originals/UrbanDesignAndPlanning/Northridge/LakeshoreVignette.png
assets/images/Originals/UrbanDesignAndPlanning/Northridge/RecreationPlan.png
assets/images/Originals/UrbanDesignAndPlanning/Northridge/SitePlan.png
assets/images/Originals/UrbanDesignAndPlanning/Skovhave/CreekVignette.png
assets/images/Originals/UrbanDesignAndPlanning/Skovhave/EastVignette.png
assets/images/Originals/UrbanDesignAndPlanning/Skovhave/PlantingScheme.png
assets/images/Originals/UrbanDesignAndPlanning/Skovhave/PublicSketch.png
assets/images/Originals/UrbanDesignAndPlanning/Skovhave/Rectangular.png
assets/images/Originals/UrbanDesignAndPlanning/SLUCampus/BufferStrip.png
assets/images/Originals/UrbanDesignAndPlanning/SLUCampus/Greenhouse.png
assets/images/Originals/UrbanDesignAndPlanning/SLUCampus/MasterPlan.png
assets/images/Originals/UrbanDesignAndPlanning/SLUCampus/Meadow.png
assets/images/Originals/UrbanDesignAndPlanning/SLUCampus/WellnessCenter.png
assets/images/Originals/UrbanDesignAndPlanning/StudentHousingConcept/Plan.png
assets/images/Originals/UrbanDesignAndPlanning/StudentHousingConcept/StudentHousing.png
assets/images/Originals/UrbanDesignAndPlanning/TheStation/CPStationAfter.png
assets/images/Originals/UrbanDesignAndPlanning/TheStation/CPStationBefore.png
assets/images/Originals/UrbanDesignAndPlanning/UrbanMeadows/NorremarkenComposition.png
assets/images/Originals/UrbanDesignAndPlanning/UrbanMeadows/SydregionComposition.png
assets/images/Originals/UrbanDesignAndPlanning/UrbanMeadows/TapestryLawn.png
assets/images/Originals/UrbanDesignAndPlanning/UrbanMeadows/VandvaerketComposition.png
assets/images/Teasers/AdaptiveReUseTeaser.png
assets/images/Teasers/AerialsTeaser.png
assets/images/Teasers/AffordableHousingTeaser.png
assets/images/Teasers/BeausoleilTeaser.png
assets/images/Teasers/CambridgeRevitalizationTeaser.png
assets/images/Teasers/CicularResearchCentreTeaser.png
assets/images/Teasers/CommercialTeaser.png
assets/images/Teasers/CPStationTeaser.png
assets/images/Teasers/GraphicRecordingTeaser.png
assets/images/Teasers/GreenInnovationParkTeaser.png
assets/images/Teasers/GreyGraniteTeaser.png
assets/images/Teasers/InteriorTeaser.png
assets/images/Teasers/LandscapePreferenceResearch.png
assets/images/Teasers/MississaugiParkTeaser.png
assets/images/Teasers/NorthridgeTeaser.png
assets/images/Teasers/Research/FacilitationTeaser.png
assets/images/Teasers/Research/JournalismTeaser.png
assets/images/Teasers/Research/LEGOTeaser1.png
assets/images/Teasers/Research/PlayResearchTeaser.png
assets/images/Teasers/Research/QMethodTeaser1.png
assets/images/Teasers/Research/WindEnergyPlanningTeaser.png
assets/images/Teasers/ResidentialTeaser.png
assets/images/Teasers/ResortsTeaser.png
assets/images/Teasers/SitePlanTeaser.png
assets/images/Teasers/SketchesTeaser.png
assets/images/Teasers/SkovhaveTeaser.png
assets/images/Teasers/SLUTeaser.png
assets/images/Teasers/StudentHousing.png
assets/images/Teasers/UrbanMeadowsTeaser.png
assets/images/Teasers/VignettesTeaser.png
assets/images/Teasers/WindEnergyPlanningTeaser.png
assets/images/Thumbnails/Home/ChristyHeadshotBW.png
assets/images/Thumbnails/Home/IllustrationThumbnail.png
assets/images/Thumbnails/Home/ResearchThumbnail.png
assets/images/Thumbnails/Home/UrbanDesignThumbnail.png
assets/images/Thumbnails/Illustration/10TorontoStreet.png
assets/images/Thumbnails/Illustration/AbuDhabiElev.png
assets/images/Thumbnails/Illustration/Acacia.png
assets/images/Thumbnails/Illustration/ArtClass.png
assets/images/Thumbnails/Illustration/ArthurEricson.png
assets/images/Thumbnails/Illustration/AudleyHamlet.png
assets/images/Thumbnails/Illustration/Avondale.png
assets/images/Thumbnails/Illustration/Backyard.png
assets/images/Thumbnails/Illustration/Beach.png
assets/images/Thumbnails/Illustration/Bigwin2.png
assets/images/Thumbnails/Illustration/BigwinCottage.png
assets/images/Thumbnails/Illustration/BriarHill.png
assets/images/Thumbnails/Illustration/CanadaLife.png
assets/images/Thumbnails/Illustration/Canoe.png
assets/images/Thumbnails/Illustration/ChamplainShores.png
assets/images/Thumbnails/Illustration/ChestnutPlace.png
assets/images/Thumbnails/Illustration/Clubhouse2.png
assets/images/Thumbnails/Illustration/Clubhouse3.png
assets/images/Thumbnails/Illustration/ClubhouseInterior.png
assets/images/Thumbnails/Illustration/Clubhouse.png
assets/images/Thumbnails/Illustration/ConcertHall.png
assets/images/Thumbnails/Illustration/CondoInterior.png
assets/images/Thumbnails/Illustration/Cornell.png
assets/images/Thumbnails/Illustration/CornellSketch.png
assets/images/Thumbnails/Illustration/Corridor.png
assets/images/Thumbnails/Illustration/Dock.png
assets/images/Thumbnails/Illustration/DubaiElev.png
assets/images/Thumbnails/Illustration/DubaiPostOffice.png
assets/images/Thumbnails/Illustration/Electra.png
assets/images/Thumbnails/Illustration/Elevator.png
assets/images/Thumbnails/Illustration/EmeryInterior.png
assets/images/Thumbnails/Illustration/EriksonWaterview.png
assets/images/Thumbnails/Illustration/Etobicoke.png
assets/images/Thumbnails/Illustration/Goldlist.png
assets/images/Thumbnails/Illustration/GovernmentHouse.png
assets/images/Thumbnails/Illustration/GraceBay2.png
assets/images/Thumbnails/Illustration/GraceBay.png
assets/images/Thumbnails/Illustration/GravelPit.png
assets/images/Thumbnails/Illustration/GreenboroWinter.png
assets/images/Thumbnails/Illustration/GreensboroHouse.png
assets/images/Thumbnails/Illustration/Greensboro.png
assets/images/Thumbnails/Illustration/GreensboroSketch.png
assets/images/Thumbnails/Illustration/Hockey.png
assets/images/Thumbnails/Illustration/Hotel2.png
assets/images/Thumbnails/Illustration/Hotel.png
assets/images/Thumbnails/Illustration/HotelRoom.png
assets/images/Thumbnails/Illustration/Indigo.png
assets/images/Thumbnails/Illustration/InteriorPlan.png
assets/images/Thumbnails/Illustration/Interior.png
assets/images/Thumbnails/Illustration/InteriorStudy.png
assets/images/Thumbnails/Illustration/JeffersonForest.png
assets/images/Thumbnails/Illustration/KaitlinBayport.png
assets/images/Thumbnails/Illustration/KaitlinResort.png
assets/images/Thumbnails/Illustration/KnowledgeGarden.png
assets/images/Thumbnails/Illustration/Kortright.png
assets/images/Thumbnails/Illustration/KPMBSitePlan.png
assets/images/Thumbnails/Illustration/Library.png
assets/images/Thumbnails/Illustration/LifecentreClinic.png
assets/images/Thumbnails/Illustration/Lobby.png
assets/images/Thumbnails/Illustration/LobbyVignette.png
assets/images/Thumbnails/Illustration/LoraBay.png
assets/images/Thumbnails/Illustration/LoraBaySleighRide.png
assets/images/Thumbnails/Illustration/Lormel.png
assets/images/Thumbnails/Illustration/MaceyBay.png
assets/images/Thumbnails/Illustration/Magnolia.png
assets/images/Thumbnails/Illustration/MarbleCanyon.png
assets/images/Thumbnails/Illustration/Newcastle.png
assets/images/Thumbnails/Illustration/Newport.png
assets/images/Thumbnails/Illustration/NovaScotia.png
assets/images/Thumbnails/Illustration/OfficeInterior.png
assets/images/Thumbnails/Illustration/OfficeLobby.png
assets/images/Thumbnails/Illustration/OnePoint.png
assets/images/Thumbnails/Illustration/PaintedLadies.png
assets/images/Thumbnails/Illustration/PoolArea.png
assets/images/Thumbnails/Illustration/Pool.png
assets/images/Thumbnails/Illustration/PropertySketch.png
assets/images/Thumbnails/Illustration/Qatar.png
assets/images/Thumbnails/Illustration/Regency.png
assets/images/Thumbnails/Illustration/Restaurant.png
assets/images/Thumbnails/Illustration/RiverEdgeRestoration.png
assets/images/Thumbnails/Illustration/Riverside.png
assets/images/Thumbnails/Illustration/Riverwalk.png
assets/images/Thumbnails/Illustration/Romanza.png
assets/images/Thumbnails/Illustration/RoughSketch.png
assets/images/Thumbnails/Illustration/SaudiInterior.png
assets/images/Thumbnails/Illustration/SchoolGym.png
assets/images/Thumbnails/Illustration/Sketch.png
assets/images/Thumbnails/Illustration/Souk.png
assets/images/Thumbnails/Illustration/StJames.png
assets/images/Thumbnails/Illustration/Streetscape.png
assets/images/Thumbnails/Illustration/StreetscapeSketch.png
assets/images/Thumbnails/Illustration/StRegis.png
assets/images/Thumbnails/Illustration/Sydenham2.png
assets/images/Thumbnails/Illustration/Sydenham.png
assets/images/Thumbnails/Illustration/SydenhamSketch.png
assets/images/Thumbnails/Illustration/TheMorgan.png
assets/images/Thumbnails/Illustration/Townhouse.png
assets/images/Thumbnails/Illustration/TridelCondos.png
assets/images/Thumbnails/Illustration/TurksCaicos.png
assets/images/Thumbnails/Illustration/ViewToGarden.png
assets/images/Thumbnails/Illustration/Villas.png
assets/images/Thumbnails/Illustration/Waterpark.png
assets/images/Thumbnails/Illustration/WinterScene.png
assets/images/Thumbnails/Illustration/WinterStroll.png
assets/images/Thumbnails/Illustration/YemenProject.png
assets/images/Thumbnails/Research/LandscapeResearch/Farmhouse.png
assets/images/Thumbnails/Research/LandscapeResearch/Field.png
assets/images/Thumbnails/Research/LandscapeResearch/Materials.png
assets/images/Thumbnails/Research/LandscapeResearch/OldBarn.png
assets/images/Thumbnails/Research/LandscapeResearch/Participant.png
assets/images/Thumbnails/Research/LEGOProject/ChildrensWorkshop.png
assets/images/Thumbnails/Research/LEGOProject/Detail1.png
assets/images/Thumbnails/Research/LEGOProject/Detail2.png
assets/images/Thumbnails/Research/LEGOProject/Detail3.png
assets/images/Thumbnails/Research/LEGOProject/Detail4.png
assets/images/Thumbnails/Research/LEGOProject/Gallery/BufferPlantings.png
assets/images/Thumbnails/Research/LEGOProject/Gallery/ChurchandCemetery.png
assets/images/Thumbnails/Research/LEGOProject/Gallery/CivicBuilding.png
assets/images/Thumbnails/Research/LEGOProject/Gallery/Dunes.png
assets/images/Thumbnails/Research/LEGOProject/Gallery/GeologicFeatures.png
assets/images/Thumbnails/Research/LEGOProject/Gallery/Hospital.png
assets/images/Thumbnails/Research/LEGOProject/Gallery/Lighthouse.png
assets/images/Thumbnails/Research/LEGOProject/Gallery/Marina.png
assets/images/Thumbnails/Research/LEGOProject/Gallery/NatureCamp.png
assets/images/Thumbnails/Research/LEGOProject/Gallery/ResilientPlants.png
assets/images/Thumbnails/Research/LEGOProject/Gallery/SaltwaterMarsh.png
assets/images/Thumbnails/Research/LEGOProject/Gallery/SewageTreatment.png
assets/images/Thumbnails/Research/LEGOProject/Gallery/UrbanFarms.png
assets/images/Thumbnails/Research/LEGOProject/Gallery/VillageGreen.png
assets/images/Thumbnails/Research/LEGOProject/LearningThroughPlay.png
assets/images/Thumbnails/Research/LEGOProject/VideoLink.png
assets/images/Thumbnails/Research/OutdoorPlayResearch/Cat.png
assets/images/Thumbnails/Research/OutdoorPlayResearch/Climbing.png
assets/images/Thumbnails/Research/OutdoorPlayResearch/Cycling.png
assets/images/Thumbnails/Research/OutdoorPlayResearch/Skateboarding.png
assets/images/Thumbnails/UrbanDesignAndPlanning/AdaptiveReUseConcepts/CollinsBarrowAfter.png
assets/images/Thumbnails/UrbanDesignAndPlanning/AdaptiveReUseConcepts/CollinsBarrowBefore.png
assets/images/Thumbnails/UrbanDesignAndPlanning/AdaptiveReUseConcepts/LCBOAfter.png
assets/images/Thumbnails/UrbanDesignAndPlanning/AdaptiveReUseConcepts/LCBOBefore.png
assets/images/Thumbnails/UrbanDesignAndPlanning/AdaptiveReUseConcepts/PrestonAfter.png
assets/images/Thumbnails/UrbanDesignAndPlanning/AdaptiveReUseConcepts/PrestonBefore.png
assets/images/Thumbnails/UrbanDesignAndPlanning/AdaptiveReUseConcepts/RiverworksAfter.png
assets/images/Thumbnails/UrbanDesignAndPlanning/AdaptiveReUseConcepts/RiverworksBefore.png
assets/images/Thumbnails/UrbanDesignAndPlanning/AffordableHousing/HomeownerPlans.png
assets/images/Thumbnails/UrbanDesignAndPlanning/AffordableHousing/KennedyBefore.png
assets/images/Thumbnails/UrbanDesignAndPlanning/AffordableHousing/Kennedy.png
assets/images/Thumbnails/UrbanDesignAndPlanning/AffordableHousing/Plans.png
assets/images/Thumbnails/UrbanDesignAndPlanning/AffordableHousing/PrimmerAfter.png
assets/images/Thumbnails/UrbanDesignAndPlanning/AffordableHousing/PrimmerBefore.png
assets/images/Thumbnails/UrbanDesignAndPlanning/AffordableHousing/RiverworksAfter.png
assets/images/Thumbnails/UrbanDesignAndPlanning/AffordableHousing/RiverworksBefore.png
assets/images/Thumbnails/UrbanDesignAndPlanning/CircularFoodResearch/AerialSketch.png
assets/images/Thumbnails/UrbanDesignAndPlanning/CircularFoodResearch/CircularFoodResearch.png
assets/images/Thumbnails/UrbanDesignAndPlanning/CircularFoodResearch/Exterior.png
assets/images/Thumbnails/UrbanDesignAndPlanning/GreenInnovationPark/CircularFoodResearch.png
assets/images/Thumbnails/UrbanDesignAndPlanning/GreenInnovationPark/CropResearch.png
assets/images/Thumbnails/UrbanDesignAndPlanning/GreenInnovationPark/GreenBuildingResearch.png
assets/images/Thumbnails/UrbanDesignAndPlanning/GreenInnovationPark/Greenhouse.png
assets/images/Thumbnails/UrbanDesignAndPlanning/GreenInnovationPark/GreenInnovationPark.png
assets/images/Thumbnails/UrbanDesignAndPlanning/GreenInnovationPark/HousingInfill.png
assets/images/Thumbnails/UrbanDesignAndPlanning/GreenInnovationPark/Plan.png
assets/images/Thumbnails/UrbanDesignAndPlanning/GreenInnovationPark/StreetLevelView.png
assets/images/Thumbnails/UrbanDesignAndPlanning/GreyGraniteClub/InteriorConcepts.png
assets/images/Thumbnails/UrbanDesignAndPlanning/Northridge/LakeshoreVignette.png
assets/images/Thumbnails/UrbanDesignAndPlanning/Northridge/RecreationPlan.png
assets/images/Thumbnails/UrbanDesignAndPlanning/Skovhave/CreekVignette.png
assets/images/Thumbnails/UrbanDesignAndPlanning/Skovhave/EastVignette.png
assets/images/Thumbnails/UrbanDesignAndPlanning/Skovhave/PublicSketch.png
assets/images/Thumbnails/UrbanDesignAndPlanning/Skovhave/Rectangular.png
assets/images/Thumbnails/UrbanDesignAndPlanning/Skovhave/VideoLink.png
